Creating /var/lib/radiod/stationlist

cp /home/pi/radio/station.urls /var/lib/radiod/stationlist

Creating PLS files from /var/lib/radiod/stationlist

Copying user PLS and M3U files from /home/pi/radio/playlists/ to /tmp/radio_stream_files/

Playlist: BBC stations
Processing line 28: http://bbc.co.uk/radio/listen/live/r1.asx
Title: BBC Radio 1
Processing line 29: http://bbc.co.uk/radio/listen/live/r2.asx
Title: BBC Radio 2
Processing line 30: http://bbc.co.uk/radio/listen/live/r3.asx
Title: BBC Radio 3
Processing line 31: http://bbc.co.uk/radio/listen/live/r4.asx
Title: BBC Radio 4
Processing line 32: http://bbc.co.uk/radio/listen/live/r5l.asx
Title: BBC Radio 5 Live
Processing line 33: http://bbc.co.uk/radio/listen/live/r6.asx
Title: BBC Radio 6
Processing line 34: http://bbc.co.uk/radio/listen/live/r5lsp.asx
Title: BBC Radio 5  Live sports
Processing line 35: http://bbc.co.uk/radio/listen/live/r1x.asx
Title: BBC Radio 1 extra
Processing line 36: http://bbc.co.uk/radio/listen/live/bbcbristol.asx
Title: BBC Radio Bristol
Processing line 37: http://www.bbc.co.uk/radio/listen/live/r4x.asx
Title: BBC Radio 4 extra
Creating /tmp/radio_stream_files/BBC_stations.pls

Playlist: Dutch stations
Processing line 41: http://icecast.omroep.nl/radio1-bb-aac.m3u
Title: Radio 1 Nederland
Processing line 42: http://icecast.omroep.nl/radio2-bb-aac.m3u
Title: Radio 2 Nederland
Processing line 43: http://icecast.omroep.nl/radio6-blues-bb-aac.m3u
Title: Radio 6 Blues Nederland
Processing line 44: http://mp3.streampower.be/radio1-high.mp3
Title: Stream Power MP3
Creating /tmp/radio_stream_files/Dutch_stations.pls

Playlist: German Stations
Processing line 48: http://srv01.radio7.fmstreams.de/stream1/livestream.mp3.m3u
Title: Radio 7 Germany
Processing line 49: http://www.antenne.de/webradio/channels/top-40.m3u
Title: Antenne Bayern Top 40
Processing line 50: http://www.country108.com/listen.pls
Title: Country 108
Creating /tmp/radio_stream_files/German_Stations.pls

Playlist: Italian Stations
Processing line 54: http://www.listenlive.eu/rai1.m3u
Title: RAI Radio Uno
Processing line 55: http://www.listenlive.eu/rai2.m3u
Title: RAI Radio Duo
Processing line 56: http://kemoniastreaming2.net:8010/listen.pls
Title: Prima Radio Napoli
Creating /tmp/radio_stream_files/Italian_Stations.pls

Playlist: Country music
Processing line 60: http://digitalradionetworks.com:8002/listen.pls
Title: Digital Radio 108
Processing line 61: http://7639.live.streamtheworld.com:80/977_MIX_SC(stream)
Title: 977 MIX ASX
Processing line 62: http://server-10.stream-server.nl:8300/listen.pls
Title: Nashville FM
Creating /tmp/radio_stream_files/Country_music.pls

Playlist: Jazz stations
Processing line 66: http://streaming.radionomy.com/ghost-sky
Title: Ghost Sky Jazz
Processing line 67: http://streaming.radionomy.com/RadioSky-Music
Title: Radio Sky Music
Creating /tmp/radio_stream_files/Jazz_stations.pls

Processed 25 station URLs from /var/lib/radiod/stationlist
Copying 6 new playlist files to directory /var/lib/mpd/playlists/

Creating Podcast playlists from /var/lib/radiod/podcasts

New radio playlist files will be found in /var/lib/mpd/playlists/
